<?xml version="1.0" encoding="UTF-8"?>
<!-- Generated by org.testng.reporters.JUnitReportReporter -->
<testsuite hostname="Monicas-MacBook-Pro.local" failures="0" tests="1" name="Test_Scenarios.Integracion.TestVaciarCarritoCompras" time="47.741" errors="0" timestamp="2022-08-04T00:40:04 CST" skipped="0">
  <testcase classname="Test_Scenarios.Integracion.TestVaciarCarritoCompras" name="VaciarCarritoDeCompras" time="47.741"/>
  <system-out/>
</testsuite> <!-- Test_Scenarios.Integracion.TestVaciarCarritoCompras -->
