<?xml version="1.0" encoding="UTF-8"?>
<!-- Generated by org.testng.reporters.JUnitReportReporter -->
<testsuite hostname="Yucepe-pc" failures="0" tests="1" name="Test_Scenarios.TestBuscarProducto_Escenario1" time="10.234" errors="0" timestamp="2022-07-30T00:22:13 CST" skipped="0">
  <testcase classname="Test_Scenarios.TestBuscarProducto_Escenario1" name="testEscenario1" time="10.234"/>
  <system-out/>
</testsuite> <!-- Test_Scenarios.TestBuscarProducto_Escenario1 -->
