<?xml version="1.0" encoding="UTF-8"?>
<!-- Generated by org.testng.reporters.JUnitReportReporter -->
<testsuite hostname="Yucepe-pc" failures="0" tests="1" name="Test_Scenarios.Regresion.TestAgregarProductoUsuarioRegistrado" time="52.483" errors="0" timestamp="2022-08-03T21:46:31 CST" skipped="0">
  <testcase classname="Test_Scenarios.Regresion.TestAgregarProductoUsuarioRegistrado" name="testEscenario1" time="52.483"/>
  <system-out/>
</testsuite> <!-- Test_Scenarios.Regresion.TestAgregarProductoUsuarioRegistrado -->
