<?xml version="1.0" encoding="UTF-8"?>
<!-- Generated by org.testng.reporters.JUnitReportReporter -->
<testsuite hostname="DESKTOP-O4NGOOU" failures="0" tests="1" name="Test_Scenarios.Funcionales.TestFiltrarProductosPorMarca" time="20.289" errors="0" timestamp="2022-08-03T22:52:26 CST" skipped="0">
  <testcase classname="Test_Scenarios.Funcionales.TestFiltrarProductosPorMarca" name="testEscenario1" time="20.289"/>
  <system-out/>
</testsuite> <!-- Test_Scenarios.Funcionales.TestFiltrarProductosPorMarca -->
