<?xml version="1.0" encoding="UTF-8"?>
<!-- Generated by org.testng.reporters.JUnitReportReporter -->
<testsuite hostname="Monicas-MacBook-Pro.local" failures="0" tests="1" name="Test_Scenarios.TestFiltrarProductosPorMarca_Escenario1" time="21.713" errors="0" timestamp="2022-07-29T02:55:21 CST" skipped="0">
  <testcase classname="Test_Scenarios.TestFiltrarProductosPorMarca_Escenario1" name="testEscenario1" time="21.713"/>
  <system-out/>
</testsuite> <!-- Test_Scenarios.TestFiltrarProductosPorMarca_Escenario1 -->
