<?xml version="1.0" encoding="UTF-8"?>
<!-- Generated by org.testng.reporters.JUnitReportReporter -->
<testsuite hostname="Monicas-MacBook-Pro.local" failures="0" tests="1" name="Test_Scenarios.Funcionales.TestFiltrarProductosPorMarca" time="21.697" errors="0" timestamp="2022-08-04T00:21:47 CST" skipped="0">
  <testcase classname="Test_Scenarios.Funcionales.TestFiltrarProductosPorMarca" name="testEscenario1" time="21.697"/>
  <system-out/>
</testsuite> <!-- Test_Scenarios.Funcionales.TestFiltrarProductosPorMarca -->
