<?xml version="1.0" encoding="UTF-8"?>
<!-- Generated by org.testng.reporters.JUnitReportReporter -->
<testsuite hostname="Yucepe-pc" failures="0" tests="1" name="Test_Scenarios.Humo.TestInicioSesionCorrecto" time="14.814" errors="0" timestamp="2022-08-02T09:15:36 CST" skipped="0">
  <testcase classname="Test_Scenarios.Humo.TestInicioSesionCorrecto" name="testEscenario1" time="14.814"/>
  <system-out/>
</testsuite> <!-- Test_Scenarios.Humo.TestInicioSesionCorrecto -->
