<?xml version="1.0" encoding="UTF-8"?>
<!-- Generated by org.testng.reporters.JUnitReportReporter -->
<testsuite hostname="DESKTOP-O4NGOOU" failures="0" tests="1" name="Test_Scenarios.Integracion.TestAgregarProductosDesdeLista" time="8.048" errors="0" timestamp="2022-08-06T00:39:36 CST" skipped="0">
  <testcase classname="Test_Scenarios.Integracion.TestAgregarProductosDesdeLista" name="AgregarProductosACarritoDesdeLista" time="8.048"/>
  <system-out/>
</testsuite> <!-- Test_Scenarios.Integracion.TestAgregarProductosDesdeLista -->
