<?xml version="1.0" encoding="UTF-8"?>
<!-- Generated by org.testng.reporters.JUnitReportReporter -->
<testsuite hostname="Monicas-MacBook-Pro.local" failures="0" tests="1" name="Test_Scenarios.Integracion.TestAgregarProductoAlCarrito" time="90.085" errors="0" timestamp="2022-08-04T00:15:42 CST" skipped="0">
  <testcase classname="Test_Scenarios.Integracion.TestAgregarProductoAlCarrito" name="FirstTest" time="90.085"/>
  <system-out/>
</testsuite> <!-- Test_Scenarios.Integracion.TestAgregarProductoAlCarrito -->
