<?xml version="1.0" encoding="UTF-8"?>
<!-- Generated by org.testng.reporters.JUnitReportReporter -->
<testsuite hostname="Yucepe-pc" failures="0" tests="1" name="Test_Scenarios.Regresion.TestAgregarProductoInvitado" time="18.901" errors="0" timestamp="2022-08-03T21:20:42 CST" skipped="0">
  <testcase classname="Test_Scenarios.Regresion.TestAgregarProductoInvitado" name="testEscenario1" time="18.901"/>
  <system-out/>
</testsuite> <!-- Test_Scenarios.Regresion.TestAgregarProductoInvitado -->
