<?xml version="1.0" encoding="UTF-8"?>
<!-- Generated by org.testng.reporters.JUnitReportReporter -->
<testsuite hostname="Monicas-MacBook-Pro.local" failures="0" tests="1" name="Test_Scenarios.TestFiltrarProductosPorMarca_Escenario1" time="21.172" errors="0" timestamp="2022-07-29T22:34:33 CST" skipped="0">
  <testcase classname="Test_Scenarios.TestFiltrarProductosPorMarca_Escenario1" name="testEscenario1" time="21.172"/>
  <system-out/>
</testsuite> <!-- Test_Scenarios.TestFiltrarProductosPorMarca_Escenario1 -->
