<?xml version="1.0" encoding="UTF-8"?>
<!-- Generated by org.testng.reporters.JUnitReportReporter -->
<testsuite hostname="DESKTOP-O4NGOOU" failures="0" tests="1" name="Test_Scenarios.Unitarios.TestAbrirSeccionRecetas" time="5.201" errors="0" timestamp="2022-08-06T20:17:29 CST" skipped="0">
  <testcase classname="Test_Scenarios.Unitarios.TestAbrirSeccionRecetas" name="TestRecetas" time="5.201"/>
  <system-out/>
</testsuite> <!-- Test_Scenarios.Unitarios.TestAbrirSeccionRecetas -->
