<?xml version="1.0" encoding="UTF-8"?>
<!-- Generated by org.testng.reporters.JUnitReportReporter -->
<testsuite hostname="Yucepe-pc" failures="0" tests="1" name="Test_Scenarios.Humo.TestInicioSesionCorrecto" time="15.773" errors="0" timestamp="2022-08-03T21:57:42 CST" skipped="0">
  <testcase classname="Test_Scenarios.Humo.TestInicioSesionCorrecto" name="testEscenario1" time="15.773"/>
  <system-out/>
</testsuite> <!-- Test_Scenarios.Humo.TestInicioSesionCorrecto -->
