<?xml version="1.0" encoding="UTF-8"?>
<!-- Generated by org.testng.reporters.JUnitReportReporter -->
<testsuite hostname="Yucepe-pc" failures="0" tests="1" name="Test_Scenarios.Humo.TestInicioCredencialesIncorrectas" time="13.392" errors="0" timestamp="2022-08-02T08:57:08 CST" skipped="0">
  <testcase classname="Test_Scenarios.Humo.TestInicioCredencialesIncorrectas" name="testEscenario1" time="13.392"/>
  <system-out/>
</testsuite> <!-- Test_Scenarios.Humo.TestInicioCredencialesIncorrectas -->
