<?xml version="1.0" encoding="UTF-8"?>
<!-- Generated by org.testng.reporters.JUnitReportReporter -->
<testsuite hostname="Monicas-MacBook-Pro.local" failures="0" tests="1" name="Test_Scenarios.Integracion.TestGuardarCarritoComoLista" time="62.635" errors="0" timestamp="2022-08-04T01:06:12 CST" skipped="0">
  <testcase classname="Test_Scenarios.Integracion.TestGuardarCarritoComoLista" name="GuardarCarritoComoLista" time="62.635"/>
  <system-out/>
</testsuite> <!-- Test_Scenarios.Integracion.TestGuardarCarritoComoLista -->
