<?xml version="1.0" encoding="UTF-8"?>
<!-- Generated by org.testng.reporters.JUnitReportReporter -->
<testsuite hostname="Yucepe-pc" failures="0" tests="1" name="Test_Scenarios.Humo.TestInicioSesionIncorrecto" time="16.385" errors="0" timestamp="2022-08-03T22:01:57 CST" skipped="0">
  <testcase classname="Test_Scenarios.Humo.TestInicioSesionIncorrecto" name="testEscenario1" time="16.385"/>
  <system-out/>
</testsuite> <!-- Test_Scenarios.Humo.TestInicioSesionIncorrecto -->
